<?xml version="1.0" encoding="UTF-8"?>
<!-- Generated by org.testng.reporters.JUnitXMLReporter -->
<testsuite hostname="UPLC" ignored="0" name="Test" tests="9" failures="0" timestamp="2020-06-12T11:37:45 IST" time="14.754" errors="0">
  <testcase name="register" time="5.464" classname="com.scripts.RegisterUser"/>
  <testcase name="login" time="1.084" classname="com.scripts.LoginUser"/>
  <testcase name="createusers" time="1.953" classname="com.scripts.createUser"/>
  <testcase name="createusers" time="1.068" classname="com.scripts.createUser"/>
  <testcase name="createusers" time="1.02" classname="com.scripts.createUser"/>
  <testcase name="createusers" time="0.911" classname="com.scripts.createUser"/>
  <testcase name="createusers" time="1.064" classname="com.scripts.createUser"/>
  <testcase name="updateUser" time="1.166" classname="com.scripts.updateUser"/>
  <testcase name="DeleteUser" time="0.865" classname="com.scripts.deleteUser"/>
</testsuite> <!-- Test -->
