<?xml version="1.0" encoding="UTF-8"?>
<!-- Generated by org.testng.reporters.JUnitXMLReporter -->
<testsuite hostname="UPLC" ignored="0" name="Test" tests="8" failures="0" timestamp="2020-06-27T21:58:52 IST" time="36.355" errors="0">
  <testcase name="login" time="19.352" classname="com.scripts.LoginUser"/>
  <testcase name="createusers" time="7.945" classname="com.scripts.createUser"/>
  <testcase name="createusers" time="1.384" classname="com.scripts.createUser"/>
  <testcase name="createusers" time="1.355" classname="com.scripts.createUser"/>
  <testcase name="createusers" time="1.744" classname="com.scripts.createUser"/>
  <testcase name="createusers" time="0.994" classname="com.scripts.createUser"/>
  <testcase name="DeleteUser" time="1.03" classname="com.scripts.deleteUser"/>
  <testcase name="register" time="0.926" classname="com.scripts.RegisterUser"/>
</testsuite> <!-- Test -->
