<?xml version="1.0" encoding="UTF-8"?>
<!-- Generated by org.testng.reporters.JUnitXMLReporter -->
<testsuite hostname="UPLC" ignored="4" name="Default test" tests="2" failures="0" timestamp="2020-06-15T00:48:38 IST" time="50.21" errors="0">
  <testcase name="login" time="9.123" classname="Test.Login"/>
  <testcase name="Register" time="19.728" classname="Test.RegisterPage"/>
  <testcase name="@BeforeTest OpenApplication" time="0.0" classname="Test.OpenApp">
    <ignored/>
  </testcase> <!-- @BeforeTest OpenApplication -->
  <testcase name="@BeforeTest OpenApplication" time="0.0" classname="Test.OpenApp">
    <ignored/>
  </testcase> <!-- @BeforeTest OpenApplication -->
  <testcase name="@AfterTest closeApplication" time="0.0" classname="Test.OpenApp">
    <ignored/>
  </testcase> <!-- @AfterTest closeApplication -->
  <testcase name="@AfterTest closeApplication" time="0.0" classname="Test.OpenApp">
    <ignored/>
  </testcase> <!-- @AfterTest closeApplication -->
</testsuite> <!-- Default test -->
