<?xml version="1.0" encoding="UTF-8"?>
<testng-results skipped="0" failed="0" ignored="0" total="1" passed="1">
  <reporter-output>
  </reporter-output>
  <suite name="Default suite" duration-ms="6792" started-at="2020-06-28T17:17:40 IST" finished-at="2020-06-28T17:17:47 IST">
    <groups>
    </groups>
    <test name="Default test" duration-ms="6792" started-at="2020-06-28T17:17:40 IST" finished-at="2020-06-28T17:17:47 IST">
      <class name="com.scripts.LoginUser">
        <test-method status="PASS" signature="login()[pri:0, instance:com.scripts.LoginUser@74650e52]" name="login" duration-ms="6646" started-at="2020-06-28T17:17:40 IST" finished-at="2020-06-28T17:17:47 IST">
          <reporter-output>
          </reporter-output>
        </test-method> <!-- login -->
      </class> <!-- com.scripts.LoginUser -->
    </test> <!-- Default test -->
  </suite> <!-- Default suite -->
</testng-results>
